0 info it worked if it ends with ok
1 verbose cli [ 'C:\\Program Files (x86)\\nodejs\\node.exe',
1 verbose cli   'C:\\Program Files (x86)\\nodejs\\node_modules\\npm\\bin\\npm-cli.js',
1 verbose cli   'run',
1 verbose cli   'build',
1 verbose cli   '--scripts-prepend-node-path=auto' ]
2 info using npm@3.10.10
3 info using node@v6.10.1
4 verbose run-script [ 'prebuild', 'build', 'postbuild' ]
5 info lifecycle aige@0.0.0~prebuild: aige@0.0.0
6 silly lifecycle aige@0.0.0~prebuild: no script for prebuild, continuing
7 info lifecycle aige@0.0.0~build: aige@0.0.0
8 verbose lifecycle aige@0.0.0~build: unsafe-perm in lifecycle true
9 verbose lifecycle aige@0.0.0~build: PATH: C:\Program Files (x86)\nodejs\node_modules\npm\bin\node-gyp-bin;C:\Users\ekirschning\WebstormProjects\Aige_Angular2\angular-src\node_modules\.bin;C:\Program Files (x86)\Common Files\Oracle\Java\javapath;C:\ProgramData\Oracle\Java\javapath;C:\Windows\system32;C:\Windows;C:\Windows\System32\Wbem;C:\Windows\System32\WindowsPowerShell\v1.0\;C:\Program Files\ThinkPad\Bluetooth Software\;C:\Program Files\ThinkPad\Bluetooth Software\syswow64;C:\Program Files\Intel\WiFi\bin\;C:\Program Files\Common Files\Intel\WirelessCommon\;C:\Program Files (x86)\Common Files\Lenovo;C:\Program Files (x86)\Common Files\Ulead Systems\MPEG;C:\Program Files (x86)\Lenovo\Access Connections\;C:\Program Files\Common Files\Lenovo;C:\Program Files (x86)\Lenovo\Client Security Solution;C:\Program Files\Lenovo\Client Security Solution;c:\Program Files (x86)\Microsoft SQL Server\90\Tools\binn\;C:\Program Files (x86)\MySQL\MySQL Server 5.5\bin;C:\apache-maven-3.2.2\bin;C:\Program Files\Java\jdk1.7.0_65\bin;C:\Program Files\Firefox;C:\Program Files (x86)\Google\Chrome\Application;C:\chromedriver;C:\Program Files (x86)\Heroku\bin;C:\Program Files (x86)\git\cmd;C:\Program Files (x86)\nodejs\;C:\Dev\Git\cmd;C:\Program Files (x86)\MySQL\MySQL Utilities 1.6\;C:\Users\ekirschning\AppData\Local\Apps\cURL\bin;C:\Users\ekirschning\AppData\Roaming\npm;C:\Dev\heroku\bin
10 verbose lifecycle aige@0.0.0~build: CWD: C:\Users\ekirschning\WebstormProjects\Aige_Angular2\angular-src
11 silly lifecycle aige@0.0.0~build: Args: [ '/d /s /c', 'ng build --prod' ]
12 silly lifecycle aige@0.0.0~build: Returned: code: 3  signal: null
13 info lifecycle aige@0.0.0~build: Failed to exec build script
14 verbose stack Error: aige@0.0.0 build: `ng build --prod`
14 verbose stack Exit status 3
14 verbose stack     at EventEmitter.<anonymous> (C:\Program Files (x86)\nodejs\node_modules\npm\lib\utils\lifecycle.js:255:16)
14 verbose stack     at emitTwo (events.js:106:13)
14 verbose stack     at EventEmitter.emit (events.js:191:7)
14 verbose stack     at ChildProcess.<anonymous> (C:\Program Files (x86)\nodejs\node_modules\npm\lib\utils\spawn.js:40:14)
14 verbose stack     at emitTwo (events.js:106:13)
14 verbose stack     at ChildProcess.emit (events.js:191:7)
14 verbose stack     at maybeClose (internal/child_process.js:886:16)
14 verbose stack     at Process.ChildProcess._handle.onexit (internal/child_process.js:226:5)
15 verbose pkgid aige@0.0.0
16 verbose cwd C:\Users\ekirschning\WebstormProjects\Aige_Angular2\angular-src
17 error Windows_NT 6.1.7601
18 error argv "C:\\Program Files (x86)\\nodejs\\node.exe" "C:\\Program Files (x86)\\nodejs\\node_modules\\npm\\bin\\npm-cli.js" "run" "build" "--scripts-prepend-node-path=auto"
19 error node v6.10.1
20 error npm  v3.10.10
21 error code ELIFECYCLE
22 error aige@0.0.0 build: `ng build --prod`
22 error Exit status 3
23 error Failed at the aige@0.0.0 build script 'ng build --prod'.
23 error Make sure you have the latest version of node.js and npm installed.
23 error If you do, this is most likely a problem with the aige package,
23 error not with npm itself.
23 error Tell the author that this fails on your system:
23 error     ng build --prod
23 error You can get information on how to open an issue for this project with:
23 error     npm bugs aige
23 error Or if that isn't available, you can get their info via:
23 error     npm owner ls aige
23 error There is likely additional logging output above.
24 verbose exit [ 1, true ]
